<?xml version="1.0" encoding="UTF-8"?>
<coverage generated="1529518611147" clover="3.2.0">
  <project timestamp="1529518611147" name="All files">
    <metrics statements="5" coveredstatements="5" conditionals="2" coveredconditionals="2" methods="2" coveredmethods="2" elements="9" coveredelements="9" complexity="0" loc="5" ncloc="5" packages="1" files="1" classes="1">
      <file name="map.js" path="/Users/thiago.aires/Desktop/udemy/da2k/reactjs/m02/jest-in-pratice/src/map/map.js">
        <metrics statements="5" coveredstatements="5" conditionals="2" coveredconditionals="2" methods="2" coveredmethods="2"/>
        <line num="3" count="2" type="cond" truecount="2" falsecount="0"/>
        <line num="5" count="7" type="stmt"/>
        <line num="7" count="7" type="stmt"/>
        <line num="8" count="12" type="stmt"/>
        <line num="10" count="7" type="stmt"/>
      </file>
    </metrics>
  </project>
</coverage>
